<?xml version="1.0" encoding="UTF-8"?>
<!-- Generated by org.testng.reporters.JUnitReportReporter -->
<testsuite hostname="DESKTOP-MMN2VVG" failures="0" tests="1" name="com.homeBazarTestCases.TC_01_ImageComparison" time="1.139" errors="0" timestamp="2022-09-19T21:20:30 IST" skipped="0">
  <testcase classname="com.homeBazarTestCases.TC_01_ImageComparison" name="verifyLogo" time="1.139"/>
  <system-out/>
</testsuite> <!-- com.homeBazarTestCases.TC_01_ImageComparison -->
