<?xml version="1.0" encoding="UTF-8"?>
<!-- Generated by org.testng.reporters.JUnitReportReporter -->
<testsuite hostname="DESKTOP-MMN2VVG" failures="0" tests="1" name="com.homeBazarTestCases.TC_001_ImageComparison" time="51.918" errors="0" timestamp="2022-09-18T14:09:30 IST" skipped="0">
  <testcase classname="com.homeBazarTestCases.TC_001_ImageComparison" name="testBannerImages" time="51.918"/>
  <system-out/>
</testsuite> <!-- com.homeBazarTestCases.TC_001_ImageComparison -->
