<?xml version="1.0" encoding="UTF-8"?>
<!-- Generated by org.testng.reporters.JUnitReportReporter -->
<testsuite hostname="DESKTOP-MMN2VVG" failures="0" tests="1" name="com.homeBazarTestCases.OrangeHRM" time="38.091" errors="0" timestamp="2022-09-18T13:19:59 IST" skipped="0">
  <testcase classname="com.homeBazarTestCases.OrangeHRM" name="verifyImage" time="38.091"/>
  <system-out/>
</testsuite> <!-- com.homeBazarTestCases.OrangeHRM -->
